<?xml version="1.0" encoding="UTF-8"?>
<!-- Generated by org.testng.reporters.JUnitXMLReporter -->
<testsuite ignored="0" hostname="DESKTOP-J07IUT7" failures="1" tests="2" name="chromeTest" time="16.51" errors="0" timestamp="2025-08-26T12:51:48 IST">
  <testcase classname="testCases.TC_001RegistrationTest" name="TestRegistartion" time="1.27"/>
  <testcase classname="testCases.TC_002LoginTest" name="LoginTest" time="10.929">
    <failure type="java.lang.AssertionError" message="expected [true] but found [false]">
      <![CDATA[java.lang.AssertionError: expected [true] but found [false]
at testCases.TC_002LoginTest.LoginTest(TC_002LoginTest.java:35)
at java.base/java.util.ArrayList.forEach(ArrayList.java:1596)
... Removed 33 stack frames]]>
    </failure>
  </testcase> <!-- LoginTest -->
</testsuite> <!-- chromeTest -->
